<?xml version="1.0" encoding="UTF-8"?>
<!-- Generated by org.testng.reporters.JUnitXMLReporter -->
<testsuite ignored="2" hostname="Anushri" failures="4" tests="4" name="ChromeTest" time="0.079" errors="0" timestamp="2024-10-16T14:27:39 IST">
  <testcase classname="test.FriendPageTestClass" name="validationOfFavourites" time="0.012">
    <failure type="java.lang.NullPointerException" message="Cannot invoke &amp;quot;pages.FriendPage.clickFriends()&amp;quot; because &amp;quot;this.friendPage&amp;quot; is null">
      <![CDATA[java.lang.NullPointerException: Cannot invoke "pages.FriendPage.clickFriends()" because "this.friendPage" is null
at test.FriendPageTestClass.validationOfFavourites(FriendPageTestClass.java:115)
at java.base/java.util.concurrent.ThreadPoolExecutor.runWorker(ThreadPoolExecutor.java:1130)
at java.base/java.util.concurrent.ThreadPoolExecutor$Worker.run(ThreadPoolExecutor.java:630)
at java.base/java.lang.Thread.run(Thread.java:832)
... Removed 12 stack frames]]>
    </failure>
  </testcase> <!-- validationOfFavourites -->
  <testcase classname="test.LoginSignUpFacebook" name="validationOfCreateNewAccountButton" time="0.018">
    <failure type="java.lang.NullPointerException" message="Cannot invoke &amp;quot;pages.LoginOrSignUpPage.clickCreateNewAccountButton()&amp;quot; because &amp;quot;this.loginOrSignUpPage&amp;quot; is null">
      <![CDATA[java.lang.NullPointerException: Cannot invoke "pages.LoginOrSignUpPage.clickCreateNewAccountButton()" because "this.loginOrSignUpPage" is null
at test.LoginSignUpFacebook.validationOfCreateNewAccountButton(LoginSignUpFacebook.java:98)
at java.base/java.util.concurrent.ThreadPoolExecutor.runWorker(ThreadPoolExecutor.java:1130)
at java.base/java.util.concurrent.ThreadPoolExecutor$Worker.run(ThreadPoolExecutor.java:630)
at java.base/java.lang.Thread.run(Thread.java:832)
... Removed 12 stack frames]]>
    </failure>
  </testcase> <!-- validationOfCreateNewAccountButton -->
  <testcase classname="test.FriendPageTestClass" name="validationOfFriendPageURL" time="0.005">
    <failure type="java.lang.NullPointerException" message="Cannot invoke &amp;quot;pages.FriendPage.aboutSection()&amp;quot; because &amp;quot;this.friendPage&amp;quot; is null">
      <![CDATA[java.lang.NullPointerException: Cannot invoke "pages.FriendPage.aboutSection()" because "this.friendPage" is null
at test.FriendPageTestClass.validationOfFriendPageURL(FriendPageTestClass.java:105)
at java.base/java.util.concurrent.ThreadPoolExecutor.runWorker(ThreadPoolExecutor.java:1130)
at java.base/java.util.concurrent.ThreadPoolExecutor$Worker.run(ThreadPoolExecutor.java:630)
at java.base/java.lang.Thread.run(Thread.java:832)
... Removed 12 stack frames]]>
    </failure>
  </testcase> <!-- validationOfFriendPageURL -->
  <testcase classname="test.CreateAccountTestClass" name="verificationOfMetaPayLink" time="0.006">
    <failure type="java.lang.NullPointerException" message="Cannot invoke &amp;quot;pages.SignUpPage.clickMetaPay()&amp;quot; because &amp;quot;this.signUpPage&amp;quot; is null">
      <![CDATA[java.lang.NullPointerException: Cannot invoke "pages.SignUpPage.clickMetaPay()" because "this.signUpPage" is null
at test.CreateAccountTestClass.verificationOfMetaPayLink(CreateAccountTestClass.java:75)
at java.base/java.util.concurrent.ThreadPoolExecutor.runWorker(ThreadPoolExecutor.java:1130)
at java.base/java.util.concurrent.ThreadPoolExecutor$Worker.run(ThreadPoolExecutor.java:630)
at java.base/java.lang.Thread.run(Thread.java:832)
... Removed 12 stack frames]]>
    </failure>
  </testcase> <!-- verificationOfMetaPayLink -->
  <testcase classname="test.FriendPageTestClass" name="validationOfSendButton" time="0.0">
    <ignored/>
  </testcase> <!-- validationOfSendButton -->
  <testcase classname="test.CreateAccountTestClass" name="validationcreateAccountButton" time="0.0">
    <ignored/>
  </testcase> <!-- validationcreateAccountButton -->
</testsuite> <!-- ChromeTest -->
